ms 10 2 -t 10 -r 10 1000 
671389774

//
segsites: 15
positions: 0.0025 0.0421 0.0603 0.3543 0.3570 0.3928 0.4873 0.4949 0.6614 0.6954 0.7576 0.7887 0.8992 0.9283 0.9692 
100000001100000
000010011100000
000110100101010
110000000100100
000110100101010
000011000100010
000010000100010
001010000010001
000110011100000
000010000100010

//
segsites: 39
positions: 0.0003 0.0029 0.0669 0.0732 0.0850 0.0944 0.1017 0.1034 0.1090 0.1115 0.1162 0.1523 0.1637 0.1652 0.1804 0.2011 0.2165 0.2189 0.3121 0.3256 0.4284 0.4342 0.4456 0.4476 0.4880 0.5108 0.5615 0.5910 0.6079 0.6081 0.6375 0.7262 0.7699 0.8044 0.8777 0.9214 0.9434 0.9439 0.9816 
010000011011111100001001111000001000000
010000011011111100001001111000011000000
010000011010111100101000000000000000000
010000011011111100001001111000001000000
010000011011111100001001111100001000000
101100101110111100001001111000001000000
101100001110111100001001111000001000000
001100001110111100001001101000001101000
001100001110111100010110000011100000111
000011000000000011010110000001100010011
